The system is: Windows - 10.0.22631 - AMD64
Compiling the C compiler identification source file "CMakeCCompilerId.c" succeeded.
Compiler:  
Build flags: 
Id flags:  

The output was:
0
用于 .NET Framework 的 Microsoft (R) 生成引擎版本 16.11.2+f32259642
版权所有(C) Microsoft Corporation。保留所有权利。

生成启动时间为 2024/10/14 16:46:45。
节点 1 上的项目“F:\2024\my_homework\txx\midterm\code\CMakeFiles\3.20.5\CompilerIdC\CompilerIdC.vcxproj”(默认目标)。
PrepareForBuild:
  正在创建目录“Debug\”。
  正在创建目录“Debug\CompilerIdC.tlog\”。
InitializeBuildStatus:
  正在创建“Debug\CompilerIdC.tlog\unsuccessfulbuild”，因为已指定“AlwaysCreate”。
VcpkgTripletSelection:
  Using triplet "x64-windows" from "F:\2024\my_homework\txx\vcpkg\vcpkg\scripts\buildsystems\msbuild\..\..\..\installed\x64-windows\"
ClCompile:
  E:\visual_studio_community\VC\Tools\MSVC\14.29.30133\bin\HostX64\x64\CL.exe /c /I"F:\2024\my_homework\txx\vcpkg\vcpkg\scripts\buildsystems\msbuild\..\..\..\installed\x64-windows\include" /nologo /W0 /WX- /diagnostics:column /Od /D _MBCS /Gm- /EHsc /RTC1 /MDd /GS /fp:precise /Zc:wchar_t /Zc:forScope /Zc:inline /Fo"Debug\\" /Fd"Debug\vc142.pdb" /external:W0 /Gd /TC /FC /errorReport:queue CMakeCCompilerId.c
  CMakeCCompilerId.c
Link:
  E:\visual_studio_community\VC\Tools\MSVC\14.29.30133\bin\HostX64\x64\link.exe /ERRORREPORT:QUEUE /OUT:".\CompilerIdC.exe" /INCREMENTAL:NO /NOLOGO /LIBPATH:"F:\2024\my_homework\txx\vcpkg\vcpkg\scripts\buildsystems\msbuild\..\..\..\installed\x64-windows\debug\lib" /LIBPATH:"F:\2024\my_homework\txx\vcpkg\vcpkg\scripts\buildsystems\msbuild\..\..\..\installed\x64-windows\debug\lib\manual-link" kernel32.lib user32.lib gdi32.lib winspool.lib comdlg32.lib advapi32.lib shell32.lib ole32.lib oleaut32.lib uuid.lib odbc32.lib odbccp32.lib "F:\2024\my_homework\txx\vcpkg\vcpkg\scripts\buildsystems\msbuild\..\..\..\installed\x64-windows\debug\lib\*.lib" /MANIFEST /MANIFESTUAC:"level='asInvoker' uiAccess='false'" /manifest:embed /PDB:".\CompilerIdC.pdb" /SUBSYSTEM:CONSOLE /TLBID:1 /DYNAMICBASE /NXCOMPAT /IMPLIB:".\CompilerIdC.lib" /MACHINE:X64 Debug\CMakeCCompilerId.obj
  CompilerIdC.vcxproj -> F:\2024\my_homework\txx\midterm\code\CMakeFiles\3.20.5\CompilerIdC\CompilerIdC.exe
AppLocalFromInstalled:
  pwsh.exe -ExecutionPolicy Bypass -noprofile -File "F:\2024\my_homework\txx\vcpkg\vcpkg\scripts\buildsystems\msbuild\applocal.ps1" "F:\2024\my_homework\txx\midterm\code\CMakeFiles\3.20.5\CompilerIdC\CompilerIdC.exe" "F:\2024\my_homework\txx\vcpkg\vcpkg\scripts\buildsystems\msbuild\..\..\..\installed\x64-windows\debug\bin" "Debug\CompilerIdC.tlog\CompilerIdC.write.1u.tlog" "Debug\vcpkg.applocal.log"
  'pwsh.exe' 不是内部或外部命令，也不是可运行的程序
  或批处理文件。
  命令“pwsh.exe -ExecutionPolicy Bypass -noprofile -File "F:\2024\my_homework\txx\vcpkg\vcpkg\scripts\buildsystems\msbuild\applocal.ps1" "F:\2024\my_homework\txx\midterm\code\CMakeFiles\3.20.5\CompilerIdC\CompilerIdC.exe" "F:\2024\my_homework\txx\vcpkg\vcpkg\scripts\buildsystems\msbuild\..\..\..\installed\x64-windows\debug\bin" "Debug\CompilerIdC.tlog\CompilerIdC.write.1u.tlog" "Debug\vcpkg.applocal.log"”已退出，代码为 9009。
  "C:\WINDOWS\System32\WindowsPowerShell\v1.0\powershell.exe" -ExecutionPolicy Bypass -noprofile -File "F:\2024\my_homework\txx\vcpkg\vcpkg\scripts\buildsystems\msbuild\applocal.ps1" "F:\2024\my_homework\txx\midterm\code\CMakeFiles\3.20.5\CompilerIdC\CompilerIdC.exe" "F:\2024\my_homework\txx\vcpkg\vcpkg\scripts\buildsystems\msbuild\..\..\..\installed\x64-windows\debug\bin" "Debug\CompilerIdC.tlog\CompilerIdC.write.1u.tlog" "Debug\vcpkg.applocal.log"
PostBuildEvent:
  for %%i in (cl.exe) do @echo CMAKE_C_COMPILER=%%~$PATH:i
  :VCEnd
  CMAKE_C_COMPILER=E:\visual_studio_community\VC\Tools\MSVC\14.29.30133\bin\Hostx64\x64\cl.exe
FinalizeBuildStatus:
  正在删除文件“Debug\CompilerIdC.tlog\unsuccessfulbuild”。
  正在对“Debug\CompilerIdC.tlog\CompilerIdC.lastbuildstate”执行 Touch 任务。
已完成生成项目“F:\2024\my_homework\txx\midterm\code\CMakeFiles\3.20.5\CompilerIdC\CompilerIdC.vcxproj”(默认目标)的操作。

已成功生成。
    0 个警告
    0 个错误

已用时间 00:00:05.23


Compilation of the C compiler identification source "CMakeCCompilerId.c" produced "CompilerIdC.exe"

Compilation of the C compiler identification source "CMakeCCompilerId.c" produced "CompilerIdC.vcxproj"

The C compiler identification is MSVC, found in "F:/2024/my_homework/txx/midterm/code/CMakeFiles/3.20.5/CompilerIdC/CompilerIdC.exe"

Compiling the CXX compiler identification source file "CMakeCXXCompilerId.cpp" succeeded.
Compiler:  
Build flags: 
Id flags:  

The output was:
0
用于 .NET Framework 的 Microsoft (R) 生成引擎版本 16.11.2+f32259642
版权所有(C) Microsoft Corporation。保留所有权利。

生成启动时间为 2024/10/14 16:46:51。
节点 1 上的项目“F:\2024\my_homework\txx\midterm\code\CMakeFiles\3.20.5\CompilerIdCXX\CompilerIdCXX.vcxproj”(默认目标)。
PrepareForBuild:
  正在创建目录“Debug\”。
  正在创建目录“Debug\CompilerIdCXX.tlog\”。
InitializeBuildStatus:
  正在创建“Debug\CompilerIdCXX.tlog\unsuccessfulbuild”，因为已指定“AlwaysCreate”。
VcpkgTripletSelection:
  Using triplet "x64-windows" from "F:\2024\my_homework\txx\vcpkg\vcpkg\scripts\buildsystems\msbuild\..\..\..\installed\x64-windows\"
ClCompile:
  E:\visual_studio_community\VC\Tools\MSVC\14.29.30133\bin\HostX64\x64\CL.exe /c /I"F:\2024\my_homework\txx\vcpkg\vcpkg\scripts\buildsystems\msbuild\..\..\..\installed\x64-windows\include" /nologo /W0 /WX- /diagnostics:column /Od /D _MBCS /Gm- /EHsc /RTC1 /MDd /GS /fp:precise /Zc:wchar_t /Zc:forScope /Zc:inline /Fo"Debug\\" /Fd"Debug\vc142.pdb" /external:W0 /Gd /TP /FC /errorReport:queue CMakeCXXCompilerId.cpp
  CMakeCXXCompilerId.cpp
Link:
  E:\visual_studio_community\VC\Tools\MSVC\14.29.30133\bin\HostX64\x64\link.exe /ERRORREPORT:QUEUE /OUT:".\CompilerIdCXX.exe" /INCREMENTAL:NO /NOLOGO /LIBPATH:"F:\2024\my_homework\txx\vcpkg\vcpkg\scripts\buildsystems\msbuild\..\..\..\installed\x64-windows\debug\lib" /LIBPATH:"F:\2024\my_homework\txx\vcpkg\vcpkg\scripts\buildsystems\msbuild\..\..\..\installed\x64-windows\debug\lib\manual-link" kernel32.lib user32.lib gdi32.lib winspool.lib comdlg32.lib advapi32.lib shell32.lib ole32.lib oleaut32.lib uuid.lib odbc32.lib odbccp32.lib "F:\2024\my_homework\txx\vcpkg\vcpkg\scripts\buildsystems\msbuild\..\..\..\installed\x64-windows\debug\lib\*.lib" /MANIFEST /MANIFESTUAC:"level='asInvoker' uiAccess='false'" /manifest:embed /PDB:".\CompilerIdCXX.pdb" /SUBSYSTEM:CONSOLE /TLBID:1 /DYNAMICBASE /NXCOMPAT /IMPLIB:".\CompilerIdCXX.lib" /MACHINE:X64 Debug\CMakeCXXCompilerId.obj
  CompilerIdCXX.vcxproj -> F:\2024\my_homework\txx\midterm\code\CMakeFiles\3.20.5\CompilerIdCXX\CompilerIdCXX.exe
AppLocalFromInstalled:
  pwsh.exe -ExecutionPolicy Bypass -noprofile -File "F:\2024\my_homework\txx\vcpkg\vcpkg\scripts\buildsystems\msbuild\applocal.ps1" "F:\2024\my_homework\txx\midterm\code\CMakeFiles\3.20.5\CompilerIdCXX\CompilerIdCXX.exe" "F:\2024\my_homework\txx\vcpkg\vcpkg\scripts\buildsystems\msbuild\..\..\..\installed\x64-windows\debug\bin" "Debug\CompilerIdCXX.tlog\CompilerIdCXX.write.1u.tlog" "Debug\vcpkg.applocal.log"
  'pwsh.exe' 不是内部或外部命令，也不是可运行的程序
  或批处理文件。
  命令“pwsh.exe -ExecutionPolicy Bypass -noprofile -File "F:\2024\my_homework\txx\vcpkg\vcpkg\scripts\buildsystems\msbuild\applocal.ps1" "F:\2024\my_homework\txx\midterm\code\CMakeFiles\3.20.5\CompilerIdCXX\CompilerIdCXX.exe" "F:\2024\my_homework\txx\vcpkg\vcpkg\scripts\buildsystems\msbuild\..\..\..\installed\x64-windows\debug\bin" "Debug\CompilerIdCXX.tlog\CompilerIdCXX.write.1u.tlog" "Debug\vcpkg.applocal.log"”已退出，代码为 9009。
  "C:\WINDOWS\System32\WindowsPowerShell\v1.0\powershell.exe" -ExecutionPolicy Bypass -noprofile -File "F:\2024\my_homework\txx\vcpkg\vcpkg\scripts\buildsystems\msbuild\applocal.ps1" "F:\2024\my_homework\txx\midterm\code\CMakeFiles\3.20.5\CompilerIdCXX\CompilerIdCXX.exe" "F:\2024\my_homework\txx\vcpkg\vcpkg\scripts\buildsystems\msbuild\..\..\..\installed\x64-windows\debug\bin" "Debug\CompilerIdCXX.tlog\CompilerIdCXX.write.1u.tlog" "Debug\vcpkg.applocal.log"
PostBuildEvent:
  for %%i in (cl.exe) do @echo CMAKE_CXX_COMPILER=%%~$PATH:i
  :VCEnd
  CMAKE_CXX_COMPILER=E:\visual_studio_community\VC\Tools\MSVC\14.29.30133\bin\Hostx64\x64\cl.exe
FinalizeBuildStatus:
  正在删除文件“Debug\CompilerIdCXX.tlog\unsuccessfulbuild”。
  正在对“Debug\CompilerIdCXX.tlog\CompilerIdCXX.lastbuildstate”执行 Touch 任务。
已完成生成项目“F:\2024\my_homework\txx\midterm\code\CMakeFiles\3.20.5\CompilerIdCXX\CompilerIdCXX.vcxproj”(默认目标)的操作。

已成功生成。
    0 个警告
    0 个错误

已用时间 00:00:03.12


Compilation of the CXX compiler identification source "CMakeCXXCompilerId.cpp" produced "CompilerIdCXX.exe"

Compilation of the CXX compiler identification source "CMakeCXXCompilerId.cpp" produced "CompilerIdCXX.vcxproj"

The CXX compiler identification is MSVC, found in "F:/2024/my_homework/txx/midterm/code/CMakeFiles/3.20.5/CompilerIdCXX/CompilerIdCXX.exe"

Detecting C compiler ABI info compiled with the following output:
Change Dir: F:/2024/my_homework/txx/midterm/code/CMakeFiles/CMakeTmp

Run Build Command(s):E:/visual_studio_community/MSBuild/Current/Bin/MSBuild.exe cmTC_ec7c4.vcxproj /p:Configuration=Debug /p:Platform=x64 /p:VisualStudioVersion=16.0 /v:m && 用于 .NET Framework 的 Microsoft (R) 生成引擎版本 16.11.2+f32259642
版权所有(C) Microsoft Corporation。保留所有权利。

  用于 x64 的 Microsoft (R) C/C++ 优化编译器 19.29.30154 版
  版权所有(C) Microsoft Corporation。保留所有权利。
  CMakeCCompilerABI.c
  cl /c /Zi /W3 /WX- /diagnostics:column /Od /Ob0 /D WIN32 /D _WINDOWS /D "CMAKE_INTDIR=\"Debug\"" /D _MBCS /Gm- /RTC1 /MDd /GS /fp:precise /Zc:wchar_t /Zc:forScope /Zc:inline /Fo"cmTC_ec7c4.dir\Debug\\" /Fd"cmTC_ec7c4.dir\Debug\vc142.pdb" /external:W3 /Gd /TC /errorReport:queue "F:\2024\my_homework\txx\cmake\share\cmake-3.20\Modules\CMakeCCompilerABI.c"
  cmTC_ec7c4.vcxproj -> F:\2024\my_homework\txx\midterm\code\CMakeFiles\CMakeTmp\Debug\cmTC_ec7c4.exe



Detecting CXX compiler ABI info compiled with the following output:
Change Dir: F:/2024/my_homework/txx/midterm/code/CMakeFiles/CMakeTmp

Run Build Command(s):E:/visual_studio_community/MSBuild/Current/Bin/MSBuild.exe cmTC_3e7d7.vcxproj /p:Configuration=Debug /p:Platform=x64 /p:VisualStudioVersion=16.0 /v:m && 用于 .NET Framework 的 Microsoft (R) 生成引擎版本 16.11.2+f32259642
版权所有(C) Microsoft Corporation。保留所有权利。

  用于 x64 的 Microsoft (R) C/C++ 优化编译器 19.29.30154 版
  版权所有(C) Microsoft Corporation。保留所有权利。
  CMakeCXXCompilerABI.cpp
  cl /c /Zi /W3 /WX- /diagnostics:column /Od /Ob0 /D WIN32 /D _WINDOWS /D "CMAKE_INTDIR=\"Debug\"" /D _MBCS /Gm- /EHsc /RTC1 /MDd /GS /fp:precise /Zc:wchar_t /Zc:forScope /Zc:inline /GR /Fo"cmTC_3e7d7.dir\Debug\\" /Fd"cmTC_3e7d7.dir\Debug\vc142.pdb" /external:W3 /Gd /TP /errorReport:queue "F:\2024\my_homework\txx\cmake\share\cmake-3.20\Modules\CMakeCXXCompilerABI.cpp"
  cmTC_3e7d7.vcxproj -> F:\2024\my_homework\txx\midterm\code\CMakeFiles\CMakeTmp\Debug\cmTC_3e7d7.exe



